<?xml version="1.0" encoding="UTF-8"?>
<coverage generated="1555559001825" clover="3.2.0">
  <project timestamp="1555559001825" name="All files">
    <metrics statements="74" coveredstatements="61" conditionals="27" coveredconditionals="24" methods="42" coveredmethods="30" elements="143" coveredelements="115" complexity="0" loc="74" ncloc="74" packages="5" files="14" classes="14"/>
    <package name="src">
      <metrics statements="2" coveredstatements="2" conditionals="0" coveredconditionals="0" methods="1" coveredmethods="1"/>
      <file name="App.js" path="/Users/ddcrichs/Dropbox/db-Personal/sites/demo-app/src/App.js">
        <metrics statements="2" coveredstatements="2" conditionals="0" coveredconditionals="0" methods="1" coveredmethods="1"/>
        <line num="10" count="1" type="stmt"/>
        <line num="11" count="2" type="stmt"/>
      </file>
    </package>
    <package name="src.common">
      <metrics statements="5" coveredstatements="4" conditionals="0" coveredconditionals="0" methods="3" coveredmethods="1"/>
      <file name="SwapiService.js" path="/Users/ddcrichs/Dropbox/db-Personal/sites/demo-app/src/common/SwapiService.js">
        <metrics statements="2" coveredstatements="2" conditionals="0" coveredconditionals="0" methods="1" coveredmethods="1"/>
        <line num="5" count="3" type="stmt"/>
        <line num="9" count="7" type="stmt"/>
      </file>
      <file name="api.js" path="/Users/ddcrichs/Dropbox/db-Personal/sites/demo-app/src/common/api.js">
        <metrics statements="1" coveredstatements="0" conditionals="0" coveredconditionals="0" methods="2" coveredmethods="0"/>
        <line num="3" count="0" type="stmt"/>
      </file>
      <file name="constants.js" path="/Users/ddcrichs/Dropbox/db-Personal/sites/demo-app/src/common/constants.js">
        <metrics statements="2" coveredstatements="2" conditionals="0" coveredconditionals="0" methods="0" coveredmethods="0"/>
        <line num="1" count="2" type="stmt"/>
        <line num="7" count="2" type="stmt"/>
      </file>
    </package>
    <package name="src.components">
      <metrics statements="56" coveredstatements="46" conditionals="27" coveredconditionals="24" methods="31" coveredmethods="23"/>
      <file name="AddressItem.js" path="/Users/ddcrichs/Dropbox/db-Personal/sites/demo-app/src/components/AddressItem.js">
        <metrics statements="6" coveredstatements="5" conditionals="2" coveredconditionals="1" methods="2" coveredmethods="2"/>
        <line num="6" count="20" type="cond" truecount="1" falsecount="1"/>
        <line num="7" count="0" type="stmt"/>
        <line num="9" count="20" type="stmt"/>
        <line num="14" count="4" type="stmt"/>
        <line num="16" count="4" type="stmt"/>
        <line num="27" count="3" type="stmt"/>
      </file>
      <file name="Form.js" path="/Users/ddcrichs/Dropbox/db-Personal/sites/demo-app/src/components/Form.js">
        <metrics statements="13" coveredstatements="12" conditionals="0" coveredconditionals="0" methods="9" coveredmethods="7"/>
        <line num="10" count="6" type="stmt"/>
        <line num="12" count="6" type="stmt"/>
        <line num="18" count="6" type="stmt"/>
        <line num="21" count="42" type="stmt"/>
        <line num="22" count="6" type="stmt"/>
        <line num="26" count="1" type="stmt"/>
        <line num="27" count="1" type="stmt"/>
        <line num="34" count="0" type="stmt"/>
        <line num="38" count="1" type="stmt"/>
        <line num="39" count="1" type="stmt"/>
        <line num="43" count="1" type="stmt"/>
        <line num="44" count="1" type="stmt"/>
        <line num="48" count="14" type="stmt"/>
      </file>
      <file name="Header.js" path="/Users/ddcrichs/Dropbox/db-Personal/sites/demo-app/src/components/Header.js">
        <metrics statements="1" coveredstatements="1" conditionals="0" coveredconditionals="0" methods="1" coveredmethods="1"/>
        <line num="4" count="6" type="stmt"/>
      </file>
      <file name="Nav.js" path="/Users/ddcrichs/Dropbox/db-Personal/sites/demo-app/src/components/Nav.js">
        <metrics statements="7" coveredstatements="7" conditionals="2" coveredconditionals="2" methods="3" coveredmethods="3"/>
        <line num="4" count="4" type="stmt"/>
        <line num="13" count="6" type="stmt"/>
        <line num="14" count="24" type="cond" truecount="2" falsecount="0"/>
        <line num="15" count="4" type="stmt"/>
        <line num="23" count="20" type="stmt"/>
        <line num="33" count="6" type="stmt"/>
        <line num="37" count="6" type="stmt"/>
      </file>
      <file name="PlanetList.js" path="/Users/ddcrichs/Dropbox/db-Personal/sites/demo-app/src/components/PlanetList.js">
        <metrics statements="29" coveredstatements="21" conditionals="23" coveredconditionals="21" methods="16" coveredmethods="10"/>
        <line num="7" count="7" type="stmt"/>
        <line num="11" count="7" type="stmt"/>
        <line num="19" count="7" type="stmt"/>
        <line num="21" count="7" type="stmt"/>
        <line num="27" count="13" type="cond" truecount="2" falsecount="0"/>
        <line num="31" count="3" type="stmt"/>
        <line num="38" count="7" type="stmt"/>
        <line num="39" count="0" type="stmt"/>
        <line num="43" count="0" type="stmt"/>
        <line num="48" count="6" type="stmt"/>
        <line num="49" count="58" type="stmt"/>
        <line num="56" count="20" type="cond" truecount="4" falsecount="0"/>
        <line num="57" count="42" type="cond" truecount="2" falsecount="0"/>
        <line num="59" count="14" type="stmt"/>
        <line num="64" count="60" type="stmt"/>
        <line num="67" count="60" type="stmt"/>
        <line num="68" count="0" type="stmt"/>
        <line num="72" count="60" type="stmt"/>
        <line num="75" count="60" type="stmt"/>
        <line num="78" count="60" type="stmt"/>
        <line num="80" count="60" type="stmt"/>
        <line num="84" count="0" type="cond" truecount="0" falsecount="2"/>
        <line num="85" count="0" type="stmt"/>
        <line num="87" count="0" type="stmt"/>
        <line num="90" count="0" type="stmt"/>
        <line num="94" count="20" type="stmt"/>
        <line num="95" count="20" type="stmt"/>
        <line num="97" count="20" type="stmt"/>
        <line num="114" count="0" type="stmt"/>
      </file>
    </package>
    <package name="src.components.tests.mockData">
      <metrics statements="1" coveredstatements="1" conditionals="0" coveredconditionals="0" methods="0" coveredmethods="0"/>
      <file name="data.js" path="/Users/ddcrichs/Dropbox/db-Personal/sites/demo-app/src/components/tests/mockData/data.js">
        <metrics statements="1" coveredstatements="1" conditionals="0" coveredconditionals="0" methods="0" coveredmethods="0"/>
        <line num="1" count="1" type="stmt"/>
      </file>
    </package>
    <package name="src.pages">
      <metrics statements="10" coveredstatements="8" conditionals="0" coveredconditionals="0" methods="7" coveredmethods="5"/>
      <file name="Address.js" path="/Users/ddcrichs/Dropbox/db-Personal/sites/demo-app/src/pages/Address.js">
        <metrics statements="3" coveredstatements="3" conditionals="0" coveredconditionals="0" methods="2" coveredmethods="2"/>
        <line num="9" count="3" type="stmt"/>
        <line num="13" count="3" type="stmt"/>
        <line num="46" count="2" type="stmt"/>
      </file>
      <file name="ComponentOne.js" path="/Users/ddcrichs/Dropbox/db-Personal/sites/demo-app/src/pages/ComponentOne.js">
        <metrics statements="3" coveredstatements="3" conditionals="0" coveredconditionals="0" methods="2" coveredmethods="2"/>
        <line num="8" count="3" type="stmt"/>
        <line num="12" count="3" type="stmt"/>
        <line num="36" count="2" type="stmt"/>
      </file>
      <file name="Planets.js" path="/Users/ddcrichs/Dropbox/db-Personal/sites/demo-app/src/pages/Planets.js">
        <metrics statements="1" coveredstatements="1" conditionals="0" coveredconditionals="0" methods="1" coveredmethods="1"/>
        <line num="11" count="3" type="stmt"/>
      </file>
      <file name="Signup.js" path="/Users/ddcrichs/Dropbox/db-Personal/sites/demo-app/src/pages/Signup.js">
        <metrics statements="3" coveredstatements="1" conditionals="0" coveredconditionals="0" methods="2" coveredmethods="0"/>
        <line num="9" count="0" type="stmt"/>
        <line num="13" count="0" type="stmt"/>
        <line num="29" count="1" type="stmt"/>
      </file>
    </package>
  </project>
</coverage>
