{"/Users/ddcrichs/Dropbox/db-Personal/sites/demo-app/src/App.js": {"path":"/Users/ddcrichs/Dropbox/db-Personal/sites/demo-app/src/App.js","statementMap":{"0":{"start":{"line":10,"column":12},"end":{"line":20,"column":1}},"1":{"start":{"line":11,"column":4},"end":{"line":19,"column":13}}},"fnMap":{"0":{"name":"(anonymous_0)","decl":{"start":{"line":10,"column":12},"end":{"line":10,"column":13}},"loc":{"start":{"line":11,"column":4},"end":{"line":19,"column":13}},"line":11}},"branchMap":{},"s":{"0":1,"1":2},"f":{"0":2},"b":{},"_coverageSchema":"43e27e138ebf9cfc5966b082cf9a028302ed4184","hash":"5e2a648dc9f79a44ed23f448c4ba81d75a69ae1d"}
,"/Users/ddcrichs/Dropbox/db-Personal/sites/demo-app/src/common/SwapiService.js": {"path":"/Users/ddcrichs/Dropbox/db-Personal/sites/demo-app/src/common/SwapiService.js","statementMap":{"0":{"start":{"line":5,"column":16},"end":{"line":5,"column":38}},"1":{"start":{"line":9,"column":8},"end":{"line":9,"column":48}}},"fnMap":{"0":{"name":"(anonymous_0)","decl":{"start":{"line":8,"column":4},"end":{"line":8,"column":5}},"loc":{"start":{"line":8,"column":17},"end":{"line":10,"column":5}},"line":8}},"branchMap":{},"s":{"0":3,"1":7},"f":{"0":7},"b":{},"_coverageSchema":"43e27e138ebf9cfc5966b082cf9a028302ed4184","hash":"d75100bd4d36192b8c78f5a68d2be3fb5e68f964"}
,"/Users/ddcrichs/Dropbox/db-Personal/sites/demo-app/src/common/api.js": {"path":"/Users/ddcrichs/Dropbox/db-Personal/sites/demo-app/src/common/api.js","statementMap":{"0":{"start":{"line":3,"column":8},"end":{"line":3,"column":57}},"1":{"start":{"line":3,"column":46},"end":{"line":3,"column":56}}},"fnMap":{"0":{"name":"(anonymous_0)","decl":{"start":{"line":2,"column":13},"end":{"line":2,"column":14}},"loc":{"start":{"line":3,"column":8},"end":{"line":3,"column":57}},"line":3},"1":{"name":"(anonymous_1)","decl":{"start":{"line":3,"column":39},"end":{"line":3,"column":40}},"loc":{"start":{"line":3,"column":46},"end":{"line":3,"column":56}},"line":3}},"branchMap":{},"s":{"0":0,"1":0},"f":{"0":0,"1":0},"b":{},"_coverageSchema":"43e27e138ebf9cfc5966b082cf9a028302ed4184","hash":"eef6377bf66b7bd92341d5eda3258634f9c76887"}
,"/Users/ddcrichs/Dropbox/db-Personal/sites/demo-app/src/common/constants.js": {"path":"/Users/ddcrichs/Dropbox/db-Personal/sites/demo-app/src/common/constants.js","statementMap":{"0":{"start":{"line":1,"column":30},"end":{"line":5,"column":1}},"1":{"start":{"line":7,"column":24},"end":{"line":11,"column":1}}},"fnMap":{},"branchMap":{},"s":{"0":2,"1":2},"f":{},"b":{},"_coverageSchema":"43e27e138ebf9cfc5966b082cf9a028302ed4184","hash":"1e3e5860402af92fb5c5de8e582a216832ac257b"}
,"/Users/ddcrichs/Dropbox/db-Personal/sites/demo-app/src/components/AddressItem.js": {"path":"/Users/ddcrichs/Dropbox/db-Personal/sites/demo-app/src/components/AddressItem.js","statementMap":{"0":{"start":{"line":6,"column":4},"end":{"line":10,"column":5}},"1":{"start":{"line":7,"column":8},"end":{"line":7,"column":15}},"2":{"start":{"line":9,"column":8},"end":{"line":9,"column":45}},"3":{"start":{"line":14,"column":49},"end":{"line":14,"column":54}},"4":{"start":{"line":16,"column":4},"end":{"line":24,"column":6}},"5":{"start":{"line":27,"column":0},"end":{"line":33,"column":2}}},"fnMap":{"0":{"name":"renderItem","decl":{"start":{"line":5,"column":9},"end":{"line":5,"column":19}},"loc":{"start":{"line":5,"column":32},"end":{"line":11,"column":1}},"line":5},"1":{"name":"AddressItem","decl":{"start":{"line":13,"column":24},"end":{"line":13,"column":35}},"loc":{"start":{"line":13,"column":43},"end":{"line":25,"column":1}},"line":13}},"branchMap":{"0":{"loc":{"start":{"line":6,"column":4},"end":{"line":10,"column":5}},"type":"if","locations":[{"start":{"line":6,"column":4},"end":{"line":10,"column":5}},{"start":{"line":6,"column":4},"end":{"line":10,"column":5}}],"line":6}},"s":{"0":20,"1":0,"2":20,"3":4,"4":4,"5":3},"f":{"0":20,"1":4},"b":{"0":[0,20]},"_coverageSchema":"43e27e138ebf9cfc5966b082cf9a028302ed4184","hash":"6afbec998576622361700e2c696fa1ab884b033b"}
,"/Users/ddcrichs/Dropbox/db-Personal/sites/demo-app/src/components/Form.js": {"path":"/Users/ddcrichs/Dropbox/db-Personal/sites/demo-app/src/components/Form.js","statementMap":{"0":{"start":{"line":10,"column":8},"end":{"line":10,"column":21}},"1":{"start":{"line":12,"column":8},"end":{"line":16,"column":10}},"2":{"start":{"line":18,"column":8},"end":{"line":18,"column":39}},"3":{"start":{"line":21,"column":26},"end":{"line":23,"column":5}},"4":{"start":{"line":22,"column":8},"end":{"line":22,"column":56}},"5":{"start":{"line":26,"column":8},"end":{"line":26,"column":27}},"6":{"start":{"line":27,"column":8},"end":{"line":31,"column":10}},"7":{"start":{"line":34,"column":8},"end":{"line":34,"column":66}},"8":{"start":{"line":34,"column":36},"end":{"line":34,"column":63}},"9":{"start":{"line":38,"column":8},"end":{"line":38,"column":27}},"10":{"start":{"line":39,"column":8},"end":{"line":39,"column":38}},"11":{"start":{"line":43,"column":8},"end":{"line":43,"column":27}},"12":{"start":{"line":44,"column":8},"end":{"line":44,"column":41}},"13":{"start":{"line":48,"column":8},"end":{"line":98,"column":10}}},"fnMap":{"0":{"name":"(anonymous_0)","decl":{"start":{"line":9,"column":4},"end":{"line":9,"column":5}},"loc":{"start":{"line":9,"column":23},"end":{"line":19,"column":5}},"line":9},"1":{"name":"(anonymous_1)","decl":{"start":{"line":21,"column":19},"end":{"line":21,"column":20}},"loc":{"start":{"line":21,"column":26},"end":{"line":23,"column":5}},"line":21},"2":{"name":"(anonymous_2)","decl":{"start":{"line":21,"column":26},"end":{"line":21,"column":27}},"loc":{"start":{"line":21,"column":31},"end":{"line":23,"column":5}},"line":21},"3":{"name":"(anonymous_3)","decl":{"start":{"line":25,"column":19},"end":{"line":25,"column":20}},"loc":{"start":{"line":25,"column":24},"end":{"line":32,"column":5}},"line":25},"4":{"name":"(anonymous_4)","decl":{"start":{"line":33,"column":27},"end":{"line":33,"column":28}},"loc":{"start":{"line":33,"column":32},"end":{"line":35,"column":5}},"line":33},"5":{"name":"(anonymous_5)","decl":{"start":{"line":34,"column":22},"end":{"line":34,"column":23}},"loc":{"start":{"line":34,"column":36},"end":{"line":34,"column":63}},"line":34},"6":{"name":"(anonymous_6)","decl":{"start":{"line":37,"column":14},"end":{"line":37,"column":15}},"loc":{"start":{"line":37,"column":19},"end":{"line":40,"column":5}},"line":37},"7":{"name":"(anonymous_7)","decl":{"start":{"line":42,"column":16},"end":{"line":42,"column":17}},"loc":{"start":{"line":42,"column":21},"end":{"line":45,"column":5}},"line":42},"8":{"name":"(anonymous_8)","decl":{"start":{"line":47,"column":4},"end":{"line":47,"column":5}},"loc":{"start":{"line":47,"column":13},"end":{"line":99,"column":5}},"line":47}},"branchMap":{},"s":{"0":6,"1":6,"2":6,"3":42,"4":6,"5":1,"6":1,"7":0,"8":0,"9":1,"10":1,"11":1,"12":1,"13":14},"f":{"0":6,"1":42,"2":6,"3":1,"4":0,"5":0,"6":1,"7":1,"8":14},"b":{},"_coverageSchema":"43e27e138ebf9cfc5966b082cf9a028302ed4184","hash":"b66ff7d09e212f354615abaf315a7773f5943d93"}
,"/Users/ddcrichs/Dropbox/db-Personal/sites/demo-app/src/components/Header.js": {"path":"/Users/ddcrichs/Dropbox/db-Personal/sites/demo-app/src/components/Header.js","statementMap":{"0":{"start":{"line":4,"column":4},"end":{"line":4,"column":59}}},"fnMap":{"0":{"name":"Header","decl":{"start":{"line":3,"column":24},"end":{"line":3,"column":30}},"loc":{"start":{"line":3,"column":38},"end":{"line":5,"column":1}},"line":3}},"branchMap":{},"s":{"0":6},"f":{"0":6},"b":{},"_coverageSchema":"43e27e138ebf9cfc5966b082cf9a028302ed4184","hash":"56585105428775be2cb70ae0cfea8865b92f7ec3"}
,"/Users/ddcrichs/Dropbox/db-Personal/sites/demo-app/src/components/Nav.js": {"path":"/Users/ddcrichs/Dropbox/db-Personal/sites/demo-app/src/components/Nav.js","statementMap":{"0":{"start":{"line":4,"column":17},"end":{"line":9,"column":1}},"1":{"start":{"line":13,"column":26},"end":{"line":31,"column":10}},"2":{"start":{"line":14,"column":12},"end":{"line":30,"column":13}},"3":{"start":{"line":15,"column":16},"end":{"line":21,"column":18}},"4":{"start":{"line":23,"column":16},"end":{"line":29,"column":18}},"5":{"start":{"line":33,"column":8},"end":{"line":33,"column":72}},"6":{"start":{"line":37,"column":8},"end":{"line":37,"column":46}}},"fnMap":{"0":{"name":"(anonymous_0)","decl":{"start":{"line":12,"column":4},"end":{"line":12,"column":5}},"loc":{"start":{"line":12,"column":17},"end":{"line":34,"column":5}},"line":12},"1":{"name":"(anonymous_1)","decl":{"start":{"line":13,"column":39},"end":{"line":13,"column":40}},"loc":{"start":{"line":13,"column":46},"end":{"line":31,"column":9}},"line":13},"2":{"name":"(anonymous_2)","decl":{"start":{"line":36,"column":4},"end":{"line":36,"column":5}},"loc":{"start":{"line":36,"column":13},"end":{"line":38,"column":5}},"line":36}},"branchMap":{"0":{"loc":{"start":{"line":14,"column":12},"end":{"line":30,"column":13}},"type":"if","locations":[{"start":{"line":14,"column":12},"end":{"line":30,"column":13}},{"start":{"line":14,"column":12},"end":{"line":30,"column":13}}],"line":14}},"s":{"0":4,"1":6,"2":24,"3":4,"4":20,"5":6,"6":6},"f":{"0":6,"1":24,"2":6},"b":{"0":[4,20]},"_coverageSchema":"43e27e138ebf9cfc5966b082cf9a028302ed4184","hash":"756d1051b400d7bbd010f37f197128c0c7bdd88e"}
,"/Users/ddcrichs/Dropbox/db-Personal/sites/demo-app/src/components/PlanetList.js": {"path":"/Users/ddcrichs/Dropbox/db-Personal/sites/demo-app/src/components/PlanetList.js","statementMap":{"0":{"start":{"line":7,"column":8},"end":{"line":7,"column":21}},"1":{"start":{"line":11,"column":8},"end":{"line":15,"column":10}},"2":{"start":{"line":19,"column":8},"end":{"line":19,"column":28}},"3":{"start":{"line":21,"column":8},"end":{"line":23,"column":11}},"4":{"start":{"line":27,"column":8},"end":{"line":34,"column":9}},"5":{"start":{"line":31,"column":12},"end":{"line":33,"column":15}},"6":{"start":{"line":38,"column":8},"end":{"line":44,"column":11}},"7":{"start":{"line":39,"column":12},"end":{"line":42,"column":15}},"8":{"start":{"line":43,"column":12},"end":{"line":43,"column":76}},"9":{"start":{"line":43,"column":57},"end":{"line":43,"column":74}},"10":{"start":{"line":48,"column":8},"end":{"line":52,"column":11}},"11":{"start":{"line":49,"column":12},"end":{"line":51,"column":17}},"12":{"start":{"line":56,"column":8},"end":{"line":60,"column":9}},"13":{"start":{"line":57,"column":12},"end":{"line":57,"column":71}},"14":{"start":{"line":57,"column":37},"end":{"line":57,"column":54}},"15":{"start":{"line":59,"column":12},"end":{"line":59,"column":25}},"16":{"start":{"line":64,"column":21},"end":{"line":64,"column":27}},"17":{"start":{"line":67,"column":8},"end":{"line":69,"column":11}},"18":{"start":{"line":68,"column":12},"end":{"line":68,"column":79}},"19":{"start":{"line":72,"column":8},"end":{"line":72,"column":38}},"20":{"start":{"line":75,"column":8},"end":{"line":75,"column":53}},"21":{"start":{"line":78,"column":8},"end":{"line":78,"column":61}},"22":{"start":{"line":80,"column":8},"end":{"line":80,"column":22}},"23":{"start":{"line":84,"column":8},"end":{"line":88,"column":9}},"24":{"start":{"line":85,"column":12},"end":{"line":85,"column":70}},"25":{"start":{"line":85,"column":42},"end":{"line":85,"column":68}},"26":{"start":{"line":87,"column":12},"end":{"line":87,"column":37}},"27":{"start":{"line":90,"column":8},"end":{"line":90,"column":35}},"28":{"start":{"line":94,"column":50},"end":{"line":94,"column":60}},"29":{"start":{"line":95,"column":23},"end":{"line":95,"column":45}},"30":{"start":{"line":97,"column":8},"end":{"line":122,"column":10}},"31":{"start":{"line":114,"column":42},"end":{"line":114,"column":67}}},"fnMap":{"0":{"name":"(anonymous_0)","decl":{"start":{"line":6,"column":4},"end":{"line":6,"column":5}},"loc":{"start":{"line":6,"column":23},"end":{"line":16,"column":5}},"line":6},"1":{"name":"(anonymous_1)","decl":{"start":{"line":18,"column":4},"end":{"line":18,"column":5}},"loc":{"start":{"line":18,"column":24},"end":{"line":24,"column":5}},"line":18},"2":{"name":"(anonymous_2)","decl":{"start":{"line":26,"column":4},"end":{"line":26,"column":5}},"loc":{"start":{"line":26,"column":45},"end":{"line":35,"column":5}},"line":26},"3":{"name":"(anonymous_3)","decl":{"start":{"line":37,"column":4},"end":{"line":37,"column":5}},"loc":{"start":{"line":37,"column":19},"end":{"line":45,"column":5}},"line":37},"4":{"name":"(anonymous_4)","decl":{"start":{"line":38,"column":39},"end":{"line":38,"column":40}},"loc":{"start":{"line":38,"column":51},"end":{"line":44,"column":9}},"line":38},"5":{"name":"(anonymous_5)","decl":{"start":{"line":43,"column":52},"end":{"line":43,"column":53}},"loc":{"start":{"line":43,"column":57},"end":{"line":43,"column":74}},"line":43},"6":{"name":"(anonymous_6)","decl":{"start":{"line":47,"column":4},"end":{"line":47,"column":5}},"loc":{"start":{"line":47,"column":35},"end":{"line":53,"column":5}},"line":47},"7":{"name":"(anonymous_7)","decl":{"start":{"line":48,"column":27},"end":{"line":48,"column":28}},"loc":{"start":{"line":49,"column":12},"end":{"line":51,"column":17}},"line":49},"8":{"name":"(anonymous_8)","decl":{"start":{"line":55,"column":4},"end":{"line":55,"column":5}},"loc":{"start":{"line":55,"column":22},"end":{"line":61,"column":5}},"line":55},"9":{"name":"(anonymous_9)","decl":{"start":{"line":57,"column":32},"end":{"line":57,"column":33}},"loc":{"start":{"line":57,"column":37},"end":{"line":57,"column":54}},"line":57},"10":{"name":"(anonymous_10)","decl":{"start":{"line":63,"column":4},"end":{"line":63,"column":5}},"loc":{"start":{"line":63,"column":22},"end":{"line":81,"column":5}},"line":63},"11":{"name":"(anonymous_11)","decl":{"start":{"line":67,"column":49},"end":{"line":67,"column":50}},"loc":{"start":{"line":67,"column":65},"end":{"line":69,"column":9}},"line":67},"12":{"name":"(anonymous_12)","decl":{"start":{"line":83,"column":18},"end":{"line":83,"column":19}},"loc":{"start":{"line":83,"column":29},"end":{"line":91,"column":5}},"line":83},"13":{"name":"(anonymous_13)","decl":{"start":{"line":85,"column":37},"end":{"line":85,"column":38}},"loc":{"start":{"line":85,"column":42},"end":{"line":85,"column":68}},"line":85},"14":{"name":"(anonymous_14)","decl":{"start":{"line":93,"column":4},"end":{"line":93,"column":5}},"loc":{"start":{"line":93,"column":13},"end":{"line":123,"column":5}},"line":93},"15":{"name":"(anonymous_15)","decl":{"start":{"line":114,"column":37},"end":{"line":114,"column":38}},"loc":{"start":{"line":114,"column":42},"end":{"line":114,"column":67}},"line":114}},"branchMap":{"0":{"loc":{"start":{"line":27,"column":8},"end":{"line":34,"column":9}},"type":"if","locations":[{"start":{"line":27,"column":8},"end":{"line":34,"column":9}},{"start":{"line":27,"column":8},"end":{"line":34,"column":9}}],"line":27},"1":{"loc":{"start":{"line":28,"column":12},"end":{"line":29,"column":66}},"type":"binary-expr","locations":[{"start":{"line":28,"column":12},"end":{"line":28,"column":29}},{"start":{"line":29,"column":12},"end":{"line":29,"column":66}}],"line":28},"2":{"loc":{"start":{"line":56,"column":8},"end":{"line":60,"column":9}},"type":"if","locations":[{"start":{"line":56,"column":8},"end":{"line":60,"column":9}},{"start":{"line":56,"column":8},"end":{"line":60,"column":9}}],"line":56},"3":{"loc":{"start":{"line":56,"column":12},"end":{"line":56,"column":41}},"type":"binary-expr","locations":[{"start":{"line":56,"column":12},"end":{"line":56,"column":19}},{"start":{"line":56,"column":23},"end":{"line":56,"column":41}}],"line":56},"4":{"loc":{"start":{"line":57,"column":19},"end":{"line":57,"column":70}},"type":"cond-expr","locations":[{"start":{"line":57,"column":58},"end":{"line":57,"column":62}},{"start":{"line":57,"column":65},"end":{"line":57,"column":70}}],"line":57},"5":{"loc":{"start":{"line":84,"column":8},"end":{"line":88,"column":9}},"type":"if","locations":[{"start":{"line":84,"column":8},"end":{"line":88,"column":9}},{"start":{"line":84,"column":8},"end":{"line":88,"column":9}}],"line":84},"6":{"loc":{"start":{"line":100,"column":21},"end":{"line":104,"column":21}},"type":"cond-expr","locations":[{"start":{"line":101,"column":24},"end":{"line":101,"column":70}},{"start":{"line":103,"column":24},"end":{"line":103,"column":50}}],"line":100},"7":{"loc":{"start":{"line":100,"column":21},"end":{"line":100,"column":42}},"type":"binary-expr","locations":[{"start":{"line":100,"column":21},"end":{"line":100,"column":31}},{"start":{"line":100,"column":35},"end":{"line":100,"column":42}}],"line":100},"8":{"loc":{"start":{"line":108,"column":21},"end":{"line":118,"column":21}},"type":"binary-expr","locations":[{"start":{"line":108,"column":21},"end":{"line":108,"column":31}},{"start":{"line":108,"column":35},"end":{"line":108,"column":42}},{"start":{"line":109,"column":24},"end":{"line":117,"column":33}}],"line":108},"9":{"loc":{"start":{"line":112,"column":32},"end":{"line":112,"column":63}},"type":"cond-expr","locations":[{"start":{"line":112,"column":43},"end":{"line":112,"column":51}},{"start":{"line":112,"column":54},"end":{"line":112,"column":63}}],"line":112},"10":{"loc":{"start":{"line":116,"column":29},"end":{"line":116,"column":56}},"type":"cond-expr","locations":[{"start":{"line":116,"column":40},"end":{"line":116,"column":48}},{"start":{"line":116,"column":51},"end":{"line":116,"column":56}}],"line":116}},"s":{"0":7,"1":7,"2":7,"3":7,"4":13,"5":3,"6":7,"7":0,"8":0,"9":0,"10":6,"11":58,"12":20,"13":6,"14":42,"15":14,"16":60,"17":60,"18":0,"19":60,"20":60,"21":60,"22":60,"23":0,"24":0,"25":0,"26":0,"27":0,"28":20,"29":20,"30":20,"31":0},"f":{"0":7,"1":7,"2":13,"3":7,"4":0,"5":0,"6":6,"7":58,"8":20,"9":42,"10":60,"11":0,"12":0,"13":0,"14":20,"15":0},"b":{"0":[3,10],"1":[13,13],"2":[6,14],"3":[20,20],"4":[4,2],"5":[0,0],"6":[6,14],"7":[20,6],"8":[20,6,6],"9":[4,2],"10":[4,2]},"_coverageSchema":"43e27e138ebf9cfc5966b082cf9a028302ed4184","hash":"d59a8491e364a71604c7d6353bcf0ff03bbe30b3"}
,"/Users/ddcrichs/Dropbox/db-Personal/sites/demo-app/src/components/tests/mockData/data.js": {"path":"/Users/ddcrichs/Dropbox/db-Personal/sites/demo-app/src/components/tests/mockData/data.js","statementMap":{"0":{"start":{"line":1,"column":0},"end":{"line":205,"column":2}}},"fnMap":{},"branchMap":{},"s":{"0":1},"f":{},"b":{},"_coverageSchema":"43e27e138ebf9cfc5966b082cf9a028302ed4184","hash":"12e208273ba3b8447663510fb774030515577700"}
,"/Users/ddcrichs/Dropbox/db-Personal/sites/demo-app/src/pages/Address.js": {"path":"/Users/ddcrichs/Dropbox/db-Personal/sites/demo-app/src/pages/Address.js","statementMap":{"0":{"start":{"line":9,"column":8},"end":{"line":9,"column":21}},"1":{"start":{"line":13,"column":8},"end":{"line":42,"column":10}},"2":{"start":{"line":46,"column":0},"end":{"line":46,"column":23}}},"fnMap":{"0":{"name":"(anonymous_0)","decl":{"start":{"line":8,"column":4},"end":{"line":8,"column":5}},"loc":{"start":{"line":8,"column":23},"end":{"line":10,"column":5}},"line":8},"1":{"name":"(anonymous_1)","decl":{"start":{"line":12,"column":4},"end":{"line":12,"column":5}},"loc":{"start":{"line":12,"column":13},"end":{"line":43,"column":5}},"line":12}},"branchMap":{},"s":{"0":3,"1":3,"2":2},"f":{"0":3,"1":3},"b":{},"_coverageSchema":"43e27e138ebf9cfc5966b082cf9a028302ed4184","hash":"327c472fb10668971793535f9804c41baa677b44"}
,"/Users/ddcrichs/Dropbox/db-Personal/sites/demo-app/src/pages/ComponentOne.js": {"path":"/Users/ddcrichs/Dropbox/db-Personal/sites/demo-app/src/pages/ComponentOne.js","statementMap":{"0":{"start":{"line":8,"column":8},"end":{"line":8,"column":21}},"1":{"start":{"line":12,"column":8},"end":{"line":32,"column":10}},"2":{"start":{"line":36,"column":0},"end":{"line":36,"column":28}}},"fnMap":{"0":{"name":"(anonymous_0)","decl":{"start":{"line":7,"column":4},"end":{"line":7,"column":5}},"loc":{"start":{"line":7,"column":23},"end":{"line":9,"column":5}},"line":7},"1":{"name":"(anonymous_1)","decl":{"start":{"line":11,"column":4},"end":{"line":11,"column":5}},"loc":{"start":{"line":11,"column":13},"end":{"line":33,"column":5}},"line":11}},"branchMap":{},"s":{"0":3,"1":3,"2":2},"f":{"0":3,"1":3},"b":{},"_coverageSchema":"43e27e138ebf9cfc5966b082cf9a028302ed4184","hash":"4a20b94426a26b08f8fbc38d45beefd859351036"}
,"/Users/ddcrichs/Dropbox/db-Personal/sites/demo-app/src/pages/Planets.js": {"path":"/Users/ddcrichs/Dropbox/db-Personal/sites/demo-app/src/pages/Planets.js","statementMap":{"0":{"start":{"line":11,"column":4},"end":{"line":17,"column":6}}},"fnMap":{"0":{"name":"Planets","decl":{"start":{"line":10,"column":24},"end":{"line":10,"column":31}},"loc":{"start":{"line":10,"column":34},"end":{"line":18,"column":1}},"line":10}},"branchMap":{},"s":{"0":3},"f":{"0":3},"b":{},"_coverageSchema":"43e27e138ebf9cfc5966b082cf9a028302ed4184","hash":"4896643b6710190460b00553cd6bc5253ee6c028"}
,"/Users/ddcrichs/Dropbox/db-Personal/sites/demo-app/src/pages/Signup.js": {"path":"/Users/ddcrichs/Dropbox/db-Personal/sites/demo-app/src/pages/Signup.js","statementMap":{"0":{"start":{"line":9,"column":8},"end":{"line":9,"column":21}},"1":{"start":{"line":13,"column":8},"end":{"line":25,"column":10}},"2":{"start":{"line":29,"column":0},"end":{"line":29,"column":22}}},"fnMap":{"0":{"name":"(anonymous_0)","decl":{"start":{"line":8,"column":4},"end":{"line":8,"column":5}},"loc":{"start":{"line":8,"column":23},"end":{"line":10,"column":5}},"line":8},"1":{"name":"(anonymous_1)","decl":{"start":{"line":12,"column":4},"end":{"line":12,"column":5}},"loc":{"start":{"line":12,"column":13},"end":{"line":26,"column":5}},"line":12}},"branchMap":{},"s":{"0":0,"1":0,"2":1},"f":{"0":0,"1":0},"b":{},"_coverageSchema":"43e27e138ebf9cfc5966b082cf9a028302ed4184","hash":"873c8c4c94ada3170fb49ee965b56731c13febbd"}
}
