TN:
SF:/Users/ddcrichs/Dropbox/db-Personal/sites/demo-app/src/App.js
FN:10,(anonymous_0)
FNF:1
FNH:1
FNDA:2,(anonymous_0)
DA:10,1
DA:11,2
LF:2
LH:2
BRF:0
BRH:0
end_of_record
TN:
SF:/Users/ddcrichs/Dropbox/db-Personal/sites/demo-app/src/common/SwapiService.js
FN:8,(anonymous_0)
FNF:1
FNH:1
FNDA:7,(anonymous_0)
DA:5,3
DA:9,7
LF:2
LH:2
BRF:0
BRH:0
end_of_record
TN:
SF:/Users/ddcrichs/Dropbox/db-Personal/sites/demo-app/src/common/api.js
FN:2,(anonymous_0)
FN:3,(anonymous_1)
FNF:2
FNH:0
FNDA:0,(anonymous_0)
FNDA:0,(anonymous_1)
DA:3,0
LF:1
LH:0
BRF:0
BRH:0
end_of_record
TN:
SF:/Users/ddcrichs/Dropbox/db-Personal/sites/demo-app/src/common/constants.js
FNF:0
FNH:0
DA:1,2
DA:7,2
LF:2
LH:2
BRF:0
BRH:0
end_of_record
TN:
SF:/Users/ddcrichs/Dropbox/db-Personal/sites/demo-app/src/components/AddressItem.js
FN:5,renderItem
FN:13,AddressItem
FNF:2
FNH:2
FNDA:20,renderItem
FNDA:4,AddressItem
DA:6,20
DA:7,0
DA:9,20
DA:14,4
DA:16,4
DA:27,3
LF:6
LH:5
BRDA:6,0,0,0
BRDA:6,0,1,20
BRF:2
BRH:1
end_of_record
TN:
SF:/Users/ddcrichs/Dropbox/db-Personal/sites/demo-app/src/components/Form.js
FN:9,(anonymous_0)
FN:21,(anonymous_1)
FN:21,(anonymous_2)
FN:25,(anonymous_3)
FN:33,(anonymous_4)
FN:34,(anonymous_5)
FN:37,(anonymous_6)
FN:42,(anonymous_7)
FN:47,(anonymous_8)
FNF:9
FNH:7
FNDA:6,(anonymous_0)
FNDA:42,(anonymous_1)
FNDA:6,(anonymous_2)
FNDA:1,(anonymous_3)
FNDA:0,(anonymous_4)
FNDA:0,(anonymous_5)
FNDA:1,(anonymous_6)
FNDA:1,(anonymous_7)
FNDA:14,(anonymous_8)
DA:10,6
DA:12,6
DA:18,6
DA:21,42
DA:22,6
DA:26,1
DA:27,1
DA:34,0
DA:38,1
DA:39,1
DA:43,1
DA:44,1
DA:48,14
LF:13
LH:12
BRF:0
BRH:0
end_of_record
TN:
SF:/Users/ddcrichs/Dropbox/db-Personal/sites/demo-app/src/components/Header.js
FN:3,Header
FNF:1
FNH:1
FNDA:6,Header
DA:4,6
LF:1
LH:1
BRF:0
BRH:0
end_of_record
TN:
SF:/Users/ddcrichs/Dropbox/db-Personal/sites/demo-app/src/components/Nav.js
FN:12,(anonymous_0)
FN:13,(anonymous_1)
FN:36,(anonymous_2)
FNF:3
FNH:3
FNDA:6,(anonymous_0)
FNDA:24,(anonymous_1)
FNDA:6,(anonymous_2)
DA:4,4
DA:13,6
DA:14,24
DA:15,4
DA:23,20
DA:33,6
DA:37,6
LF:7
LH:7
BRDA:14,0,0,4
BRDA:14,0,1,20
BRF:2
BRH:2
end_of_record
TN:
SF:/Users/ddcrichs/Dropbox/db-Personal/sites/demo-app/src/components/PlanetList.js
FN:6,(anonymous_0)
FN:18,(anonymous_1)
FN:26,(anonymous_2)
FN:37,(anonymous_3)
FN:38,(anonymous_4)
FN:43,(anonymous_5)
FN:47,(anonymous_6)
FN:48,(anonymous_7)
FN:55,(anonymous_8)
FN:57,(anonymous_9)
FN:63,(anonymous_10)
FN:67,(anonymous_11)
FN:83,(anonymous_12)
FN:85,(anonymous_13)
FN:93,(anonymous_14)
FN:114,(anonymous_15)
FNF:16
FNH:10
FNDA:7,(anonymous_0)
FNDA:7,(anonymous_1)
FNDA:13,(anonymous_2)
FNDA:7,(anonymous_3)
FNDA:0,(anonymous_4)
FNDA:0,(anonymous_5)
FNDA:6,(anonymous_6)
FNDA:58,(anonymous_7)
FNDA:20,(anonymous_8)
FNDA:42,(anonymous_9)
FNDA:60,(anonymous_10)
FNDA:0,(anonymous_11)
FNDA:0,(anonymous_12)
FNDA:0,(anonymous_13)
FNDA:20,(anonymous_14)
FNDA:0,(anonymous_15)
DA:7,7
DA:11,7
DA:19,7
DA:21,7
DA:27,13
DA:31,3
DA:38,7
DA:39,0
DA:43,0
DA:48,6
DA:49,58
DA:56,20
DA:57,42
DA:59,14
DA:64,60
DA:67,60
DA:68,0
DA:72,60
DA:75,60
DA:78,60
DA:80,60
DA:84,0
DA:85,0
DA:87,0
DA:90,0
DA:94,20
DA:95,20
DA:97,20
DA:114,0
LF:29
LH:21
BRDA:27,0,0,3
BRDA:27,0,1,10
BRDA:28,1,0,13
BRDA:28,1,1,13
BRDA:56,2,0,6
BRDA:56,2,1,14
BRDA:56,3,0,20
BRDA:56,3,1,20
BRDA:57,4,0,4
BRDA:57,4,1,2
BRDA:84,5,0,0
BRDA:84,5,1,0
BRDA:100,6,0,6
BRDA:100,6,1,14
BRDA:100,7,0,20
BRDA:100,7,1,6
BRDA:108,8,0,20
BRDA:108,8,1,6
BRDA:108,8,2,6
BRDA:112,9,0,4
BRDA:112,9,1,2
BRDA:116,10,0,4
BRDA:116,10,1,2
BRF:23
BRH:21
end_of_record
TN:
SF:/Users/ddcrichs/Dropbox/db-Personal/sites/demo-app/src/components/tests/mockData/data.js
FNF:0
FNH:0
DA:1,1
LF:1
LH:1
BRF:0
BRH:0
end_of_record
TN:
SF:/Users/ddcrichs/Dropbox/db-Personal/sites/demo-app/src/pages/Address.js
FN:8,(anonymous_0)
FN:12,(anonymous_1)
FNF:2
FNH:2
FNDA:3,(anonymous_0)
FNDA:3,(anonymous_1)
DA:9,3
DA:13,3
DA:46,2
LF:3
LH:3
BRF:0
BRH:0
end_of_record
TN:
SF:/Users/ddcrichs/Dropbox/db-Personal/sites/demo-app/src/pages/ComponentOne.js
FN:7,(anonymous_0)
FN:11,(anonymous_1)
FNF:2
FNH:2
FNDA:3,(anonymous_0)
FNDA:3,(anonymous_1)
DA:8,3
DA:12,3
DA:36,2
LF:3
LH:3
BRF:0
BRH:0
end_of_record
TN:
SF:/Users/ddcrichs/Dropbox/db-Personal/sites/demo-app/src/pages/Planets.js
FN:10,Planets
FNF:1
FNH:1
FNDA:3,Planets
DA:11,3
LF:1
LH:1
BRF:0
BRH:0
end_of_record
TN:
SF:/Users/ddcrichs/Dropbox/db-Personal/sites/demo-app/src/pages/Signup.js
FN:8,(anonymous_0)
FN:12,(anonymous_1)
FNF:2
FNH:0
FNDA:0,(anonymous_0)
FNDA:0,(anonymous_1)
DA:9,0
DA:13,0
DA:29,1
LF:3
LH:1
BRF:0
BRH:0
end_of_record
